SF:C:\Users\ethan\Documents\GitHub\fart\fart_server\bonus_features\shortlinks\shortlinks.ts
FN:9,redirectIfShortlink
FNDA:5,redirectIfShortlink
FNF:1
FNH:1
BRDA:11,2,0,10
BRDA:12,2,0,5
BRDA:12,2,1,5
BRDA:14,2,0,1
BRDA:14,2,1,4
BRDA:19,2,0,0
BRDA:19,2,1,5
BRF:7
BRH:6
DA:1,1
DA:3,1
DA:4,1
DA:5,3
DA:6,3
DA:7,1
DA:9,1
DA:10,5
DA:11,5
DA:12,10
DA:13,5
DA:14,5
DA:16,4
DA:17,5
DA:18,5
DA:19,10
DA:20,0
DA:21,1
LH:17
LF:18
end_of_record
SF:C:\Users\ethan\Documents\GitHub\fart\fart_server\utils.ts
FN:16,inject
FN:26,register
FN:30,clear
FN:34,getSize
FNDA:4,inject
FNDA:5,register
FNDA:4,clear
FNDA:4,getSize
FNF:4
FNH:4
BRDA:17,1,0,6
BRDA:19,1,0,2
BRDA:19,1,1,4
BRDA:22,1,0,2
BRDA:22,1,1,2
BRF:5
BRH:5
DA:8,1
DA:16,1
DA:17,4
DA:18,6
DA:19,6
DA:20,2
DA:21,2
DA:22,6
DA:23,2
DA:24,1
DA:26,1
DA:27,5
DA:28,1
DA:30,1
DA:31,4
DA:32,1
DA:34,1
DA:35,4
DA:36,1
LH:19
LF:19
end_of_record
SF:C:\Users\ethan\Documents\GitHub\fart\lib\transpile\cartridge\cartridge.ts
FN:124,<instance_members_initializer>
FN:125,Cartridge
FN:162,addEventListener
FN:173,removeEventListener
FN:177,dispatch
FN:188,getType
FN:192,getMod
FNDA:24,<instance_members_initializer>
FNDA:24,Cartridge
FNDA:23,addEventListener
FNDA:0,removeEventListener
FNDA:34,dispatch
FNDA:0,getType
FNDA:0,getMod
FNF:7
FNH:4
BRDA:182,8,0,11
BRDA:182,8,1,23
BRDA:184,8,0,0
BRDA:184,8,1,34
BRF:4
BRH:3
DA:3,4
DA:14,4
DA:22,4
DA:124,4
DA:125,24
DA:126,24
DA:127,24
DA:128,24
DA:162,24
DA:163,24
DA:165,23
DA:166,23
DA:167,23
DA:168,23
DA:171,24
DA:173,0
DA:174,0
DA:175,0
DA:177,4
DA:178,4
DA:179,4
DA:180,4
DA:181,34
DA:182,34
DA:183,23
DA:184,23
DA:185,0
DA:186,0
DA:188,0
DA:189,0
DA:190,0
DA:192,0
DA:193,0
DA:194,0
DA:195,4
LH:24
LF:35
end_of_record
SF:C:\Users\ethan\Documents\GitHub\fart\lib\transpile\cartridge\mod.ts
FNF:0
FNH:0
BRF:0
BRH:0
DA:1,3
LH:1
LF:1
end_of_record
SF:C:\Users\ethan\Documents\GitHub\fart\lib\transpile\code_block\code_block.ts
FN:12,<instance_members_initializer>
FN:18,append
FN:24,export
FN:37,join
FNDA:53,<instance_members_initializer>
FNDA:30,append
FNDA:21,export
FNDA:16,join
FNF:4
FNH:4
BRDA:44,6,0,1
BRDA:44,6,1,15
BRDA:49,8,0,15
BRDA:49,8,1,3
BRDA:50,8,0,3
BRDA:50,8,1,15
BRDA:53,8,0,15
BRDA:53,8,1,3
BRF:8
BRH:8
DA:1,5
DA:11,5
DA:12,5
DA:18,53
DA:19,30
DA:20,30
DA:22,30
DA:24,53
DA:25,21
DA:26,21
DA:27,21
DA:29,21
DA:30,21
DA:35,5
DA:37,5
DA:38,5
DA:39,5
DA:40,5
DA:41,16
DA:42,16
DA:43,16
DA:44,16
DA:45,16
DA:46,16
DA:47,16
DA:48,16
DA:49,18
DA:50,18
DA:51,18
DA:52,18
DA:53,18
DA:54,16
DA:55,16
DA:57,16
DA:58,5
LH:35
LF:35
end_of_record
SF:C:\Users\ethan\Documents\GitHub\fart\lib\transpile\code_block\mod.ts
FNF:0
FNH:0
BRF:0
BRH:0
DA:1,4
LH:1
LF:1
end_of_record
SF:C:\Users\ethan\Documents\GitHub\fart\lib\transpile\indent\indent.ts
FNF:0
FNH:0
BRF:0
BRH:0
DA:5,7
DA:70,7
DA:71,7
DA:72,7
DA:73,7
DA:74,7
DA:75,7
DA:76,7
DA:77,7
DA:78,7
DA:79,7
DA:80,7
DA:81,7
DA:82,7
DA:83,7
DA:84,7
DA:85,7
DA:86,7
DA:87,7
DA:88,7
DA:89,7
DA:90,7
DA:91,7
DA:92,7
DA:93,7
DA:94,7
DA:95,7
DA:96,7
DA:97,7
DA:98,7
DA:99,7
DA:100,7
DA:101,7
DA:102,7
DA:103,7
DA:104,7
DA:105,7
DA:106,7
DA:107,7
DA:108,7
DA:109,7
DA:110,7
DA:111,7
DA:112,7
DA:113,7
DA:114,7
DA:115,7
DA:116,7
DA:117,7
DA:118,7
DA:119,7
DA:120,7
DA:121,7
DA:122,7
DA:123,7
DA:124,7
DA:125,7
DA:126,7
LH:58
LF:58
end_of_record
SF:C:\Users\ethan\Documents\GitHub\fart\lib\transpile\indent\mod.ts
FNF:0
FNH:0
BRF:0
BRH:0
DA:1,5
DA:3,5
LH:2
LF:2
end_of_record
SF:C:\Users\ethan\Documents\GitHub\fart\lib\transpile\indent\utils.ts
FN:3,getIndentOption
FN:36,getCachedIndent
FN:75,getIndent
FNDA:30,getIndentOption
FNDA:30,getCachedIndent
FNDA:30,getIndent
FNF:3
FNH:3
BRDA:8,1,0,0
BRDA:8,1,1,30
BRDA:12,1,0,0
BRDA:12,1,1,30
BRDA:16,1,0,0
BRDA:16,1,1,30
BRDA:24,1,0,0
BRDA:24,1,1,30
BRDA:28,1,0,0
BRDA:28,1,1,30
BRDA:84,3,0,0
BRDA:84,3,1,30
BRF:12
BRH:6
DA:1,6
DA:3,6
DA:4,6
DA:6,30
DA:7,30
DA:8,0
DA:9,0
DA:10,0
DA:11,0
DA:12,0
DA:13,0
DA:14,0
DA:15,0
DA:16,0
DA:17,0
DA:18,0
DA:19,0
DA:20,30
DA:21,30
DA:22,30
DA:23,30
DA:24,0
DA:25,0
DA:26,0
DA:27,0
DA:28,0
DA:29,0
DA:30,0
DA:31,0
DA:32,30
DA:33,30
DA:34,30
DA:36,6
DA:37,6
DA:38,6
DA:40,30
DA:41,30
DA:42,30
DA:43,30
DA:75,6
DA:76,6
DA:77,6
DA:79,30
DA:80,30
DA:81,30
DA:82,30
DA:83,30
DA:84,30
DA:85,0
DA:86,0
DA:87,0
DA:88,0
DA:89,30
LH:29
LF:53
end_of_record
SF:C:\Users\ethan\Documents\GitHub\fart\lib\transpile\text_builder\mod.ts
FNF:0
FNH:0
BRF:0
BRH:0
DA:1,1
LH:1
LF:1
end_of_record
SF:C:\Users\ethan\Documents\GitHub\fart\lib\transpile\text_builder\text_builder.ts
FN:21,<instance_members_initializer>
FN:26,TextBuilder
FN:36,stash
FN:89,append
FN:192,export
FNDA:16,<instance_members_initializer>
FNDA:16,TextBuilder
FNDA:29,stash
FNDA:26,append
FNDA:15,export
FNF:5
FNH:5
BRDA:37,3,0,15
BRDA:37,3,1,14
BRDA:99,4,0,7
BRDA:99,4,1,19
BRDA:108,4,0,2
BRDA:108,4,1,24
BRDA:116,4,0,2
BRDA:116,4,1,24
BRDA:124,4,0,2
BRDA:124,4,1,24
BRDA:139,4,0,3
BRDA:139,4,1,23
BRDA:146,4,0,2
BRDA:146,4,1,1
BRDA:153,4,0,2
BRDA:153,4,1,24
BRDA:168,4,0,1
BRDA:168,4,1,25
BRDA:169,4,0,0
BRDA:169,4,1,1
BRDA:177,4,0,7
BRDA:177,4,1,19
BRDA:187,4,0,15
BRDA:187,4,1,11
BRF:24
BRH:23
DA:1,2
DA:2,2
DA:3,2
DA:5,2
DA:7,2
DA:9,2
DA:10,2
DA:11,2
DA:12,2
DA:13,2
DA:14,2
DA:15,2
DA:16,2
DA:17,2
DA:18,2
DA:21,2
DA:22,16
DA:23,16
DA:24,2
DA:26,16
DA:27,16
DA:28,16
DA:29,16
DA:30,16
DA:36,2
DA:37,29
DA:38,15
DA:39,15
DA:40,15
DA:41,29
DA:89,2
DA:90,2
DA:91,2
DA:92,2
DA:93,2
DA:94,2
DA:95,2
DA:96,26
DA:98,26
DA:99,26
DA:100,7
DA:101,7
DA:102,7
DA:104,7
DA:105,7
DA:106,7
DA:108,26
DA:109,2
DA:110,2
DA:111,2
DA:113,2
DA:114,2
DA:116,26
DA:117,2
DA:118,2
DA:119,2
DA:121,2
DA:122,2
DA:124,26
DA:125,2
DA:126,2
DA:127,2
DA:128,2
DA:129,2
DA:130,2
DA:131,2
DA:132,2
DA:133,2
DA:136,2
DA:137,2
DA:139,26
DA:140,3
DA:141,3
DA:142,3
DA:143,3
DA:144,3
DA:145,3
DA:146,3
DA:149,3
DA:150,3
DA:151,3
DA:153,26
DA:154,2
DA:155,2
DA:156,2
DA:157,2
DA:158,2
DA:159,2
DA:160,2
DA:161,2
DA:162,2
DA:165,2
DA:166,2
DA:168,26
DA:169,0
DA:170,1
DA:171,1
DA:172,1
DA:174,1
DA:175,1
DA:177,26
DA:178,7
DA:179,7
DA:180,7
DA:181,7
DA:183,7
DA:184,7
DA:185,26
DA:187,26
DA:188,15
DA:189,15
DA:190,26
DA:192,2
DA:193,15
DA:194,15
DA:195,15
DA:196,2
LH:116
LF:117
end_of_record
SF:C:\Users\ethan\Documents\GitHub\fart\lib\transpile\text_builder\utils.ts
FN:16,cleanComment
FN:40,makeFileStartEventContext
FN:50,makeInlineCommentEventContext
FN:60,makeMultilineCommentEventContext
FN:70,makeLoadEventContext
FN:83,makeStructOpenEventContext
FN:95,makeSetPropertyEventContext
FN:108,makeStructCloseEventContext
FN:118,makeFileEndEventContext
FNDA:9,cleanComment
FNDA:8,makeFileStartEventContext
FNDA:3,makeInlineCommentEventContext
FNDA:3,makeMultilineCommentEventContext
FNDA:3,makeLoadEventContext
FNDA:4,makeStructOpenEventContext
FNDA:3,makeSetPropertyEventContext
FNDA:2,makeStructCloseEventContext
FNDA:8,makeFileEndEventContext
FNF:9
FNH:9
BRDA:19,1,0,5
BRDA:19,1,1,4
BRDA:23,1,0,0
BRDA:23,1,1,5
BRDA:28,1,0,4
BRDA:28,1,1,5
BRF:6
BRH:5
DA:3,3
DA:4,3
DA:5,3
DA:8,3
DA:16,3
DA:17,9
DA:18,9
DA:19,9
DA:20,5
DA:21,5
DA:22,0
DA:23,0
DA:24,0
DA:25,5
DA:26,5
DA:27,5
DA:28,9
DA:29,4
DA:30,4
DA:32,4
DA:33,4
DA:34,4
DA:35,4
DA:36,9
DA:37,9
DA:38,3
DA:40,3
DA:41,3
DA:42,3
DA:43,3
DA:44,8
DA:45,8
DA:46,8
DA:47,8
DA:48,3
DA:50,3
DA:51,3
DA:52,3
DA:53,3
DA:54,3
DA:55,3
DA:56,3
DA:57,3
DA:58,3
DA:60,3
DA:61,3
DA:62,3
DA:63,3
DA:64,3
DA:65,3
DA:66,3
DA:67,3
DA:68,3
DA:70,3
DA:71,3
DA:72,3
DA:73,3
DA:74,3
DA:75,3
DA:76,3
DA:77,3
DA:78,3
DA:79,3
DA:80,3
DA:81,3
DA:83,3
DA:84,3
DA:85,3
DA:86,3
DA:87,3
DA:88,3
DA:89,4
DA:90,4
DA:91,4
DA:92,4
DA:93,3
DA:95,3
DA:96,3
DA:97,3
DA:98,3
DA:99,3
DA:100,3
DA:101,3
DA:102,3
DA:103,3
DA:104,3
DA:105,3
DA:106,3
DA:108,3
DA:109,3
DA:110,3
DA:111,3
DA:112,2
DA:113,2
DA:114,2
DA:115,2
DA:116,3
DA:118,3
DA:119,3
DA:120,3
DA:121,3
DA:122,8
DA:123,8
DA:124,8
DA:125,8
DA:126,3
LH:103
LF:106
end_of_record
SF:C:\Users\ethan\Documents\GitHub\fart\lib\transpile\tokenize\lexicon.ts
FN:51,LEXICON.set
FN:54,LEXICON.delete
FN:57,LEXICON.clear
FNDA:1,LEXICON.set
FNDA:1,LEXICON.delete
FNDA:1,LEXICON.clear
FNF:3
FNH:3
BRF:0
BRH:0
DA:1,8
DA:25,8
DA:28,8
DA:29,8
DA:30,8
DA:31,8
DA:32,8
DA:33,8
DA:34,8
DA:35,8
DA:36,8
DA:37,8
DA:38,8
DA:39,8
DA:40,8
DA:41,8
DA:42,8
DA:43,8
DA:44,8
DA:45,8
DA:46,8
DA:47,8
DA:48,8
DA:51,8
DA:52,1
DA:53,8
DA:54,8
DA:55,1
DA:56,8
DA:57,8
DA:58,1
DA:59,8
LH:32
LF:32
end_of_record
SF:C:\Users\ethan\Documents\GitHub\fart\lib\transpile\tokenize\mod.ts
FNF:0
FNH:0
BRF:0
BRH:0
DA:2,3
DA:3,3
DA:4,3
DA:5,3
LH:4
LF:4
end_of_record
SF:C:\Users\ethan\Documents\GitHub\fart\lib\transpile\tokenize\t.ts
FN:55,makeSpecialToken
FN:72,load
FN:73,nest
FN:74,denest
FN:75,open_tuple
FN:76,close_tuple
FN:77,type
FN:78,spec
FN:79,optional
FN:80,setter_1
FN:81,setter_2
FN:82,mod
FN:83,separator
FN:84,text_1
FN:85,text_2
FN:86,text_3
FNDA:85,makeSpecialToken
FNDA:3,load
FNDA:16,nest
FNDA:16,denest
FNDA:9,open_tuple
FNDA:9,close_tuple
FNDA:9,type
FNDA:7,spec
FNDA:1,optional
FNDA:18,setter_1
FNDA:2,setter_2
FNDA:11,mod
FNDA:11,separator
FNDA:3,text_1
FNDA:1,text_2
FNDA:1,text_3
FNF:16
FNH:16
BRF:0
BRH:0
DA:6,5
DA:7,5
DA:55,5
DA:56,5
DA:58,5
DA:59,5
DA:60,5
DA:61,5
DA:62,5
DA:63,5
DA:64,5
DA:65,5
DA:66,5
DA:67,5
DA:68,5
DA:70,5
DA:71,5
DA:72,5
DA:73,5
DA:74,5
DA:75,5
DA:76,5
DA:77,5
DA:78,5
DA:79,5
DA:80,5
DA:81,5
DA:82,5
DA:83,5
DA:84,5
DA:85,5
DA:86,5
DA:87,5
DA:88,5
DA:89,5
DA:90,5
DA:92,5
LH:37
LF:37
end_of_record
SF:C:\Users\ethan\Documents\GitHub\fart\lib\transpile\tokenize\token.ts
FN:10,<instance_members_initializer>
FN:13,Token
FN:22,is
FN:26,toString
FN:30,get value
FN:48,getKindOf
FNDA:383,<instance_members_initializer>
FNDA:383,Token
FNDA:4,is
FNDA:1,toString
FNDA:338,get value
FNDA:384,getKindOf
FNF:6
FNH:6
BRDA:19,2,0,0
BRDA:19,2,1,383
BRDA:32,5,0,3
BRDA:32,5,1,335
BRDA:36,5,0,17
BRDA:36,5,1,321
BRDA:39,5,0,8
BRDA:39,5,1,330
BRDA:42,5,0,310
BRDA:42,5,1,28
BRDA:50,6,0,214
BRDA:50,6,1,170
BRDA:51,6,0,369
BRDA:51,6,1,132
BRDA:51,6,2,38
BRDA:52,6,0,367
BRDA:52,6,1,7
BRDA:52,6,2,31
BRDA:53,6,0,364
BRDA:53,6,1,18
BRDA:53,6,2,33
BRDA:53,6,3,13
BRDA:54,6,0,9
BRDA:54,6,1,4
BRF:24
BRH:23
DA:1,6
DA:2,6
DA:3,6
DA:4,6
DA:5,6
DA:6,6
DA:7,6
DA:8,6
DA:10,6
DA:11,383
DA:13,6
DA:14,383
DA:15,383
DA:16,383
DA:17,6
DA:18,6
DA:19,0
DA:20,383
DA:22,6
DA:23,4
DA:24,4
DA:26,6
DA:27,1
DA:28,1
DA:30,6
DA:31,338
DA:32,338
DA:34,3
DA:35,3
DA:36,338
DA:37,17
DA:38,17
DA:39,338
DA:40,8
DA:41,8
DA:42,338
DA:43,310
DA:44,310
DA:45,338
DA:46,338
DA:48,6
DA:49,384
DA:50,384
DA:51,384
DA:52,384
DA:53,384
DA:54,33
DA:55,4
DA:56,384
DA:57,6
LH:49
LF:50
end_of_record
SF:C:\Users\ethan\Documents\GitHub\fart\lib\transpile\tokenize\tokenize.ts
FN:45,tokenize
FNDA:22,tokenize
FNF:1
FNH:1
BRDA:51,1,0,1101
BRDA:59,1,0,861
BRDA:59,1,1,240
BRDA:65,1,0,44
BRDA:65,1,1,1057
BRDA:70,1,0,15
BRDA:70,1,1,1086
BRDA:71,1,0,29
BRDA:71,1,1,1072
BRDA:72,1,0,38
BRDA:72,1,1,1063
BRDA:73,1,0,47
BRDA:73,1,1,1054
BRDA:74,1,0,65
BRDA:74,1,1,1036
BRDA:75,1,0,75
BRDA:75,1,1,1026
BRDA:76,1,0,83
BRDA:76,1,1,1018
BRDA:81,1,0,1
BRDA:81,1,1,1100
BRDA:82,1,0,184
BRDA:82,1,1,917
BRDA:86,1,0,790
BRDA:86,1,1,311
BRDA:87,1,0,529
BRDA:87,1,1,261
BRDA:93,1,0,311
BRDA:93,1,1,158
BRDA:93,1,2,83
BRDA:101,1,0,83
BRDA:101,1,1,83
BRDA:101,1,2,83
BRDA:104,1,0,1
BRDA:104,1,1,82
BRDA:106,1,0,1
BRDA:106,1,1,82
BRDA:108,1,0,82
BRDA:108,1,1,1
BRDA:114,1,0,7
BRDA:114,1,1,3
BRDA:119,1,0,1098
BRDA:119,1,1,3
BRDA:120,1,0,96
BRDA:120,1,1,10
BRDA:122,1,0,3
BRDA:122,1,1,1095
BRDA:128,1,0,0
BRDA:128,1,1,3
BRDA:135,1,0,1095
BRDA:135,1,1,7
BRDA:142,1,0,44
BRDA:142,1,1,1057
BRDA:145,1,0,6
BRDA:145,1,1,38
BRDA:161,1,0,860
BRDA:161,1,1,337
BRDA:171,1,0,21
BRDA:171,1,1,1
BRDA:174,1,0,2
BRDA:174,1,1,20
BRDA:176,1,0,21
BRDA:176,1,1,1
BRF:63
BRH:62
DA:1,4
DA:2,4
DA:3,4
DA:30,4
DA:31,4
DA:32,4
DA:33,4
DA:34,4
DA:35,4
DA:36,4
DA:37,4
DA:38,4
DA:39,4
DA:40,4
DA:41,4
DA:42,4
DA:43,4
DA:45,4
DA:46,4
DA:47,4
DA:49,22
DA:51,22
DA:52,1101
DA:53,1101
DA:54,1101
DA:55,1101
DA:59,1101
DA:60,1101
DA:62,1101
DA:65,1101
DA:66,44
DA:67,44
DA:68,44
DA:69,44
DA:70,1101
DA:71,1101
DA:72,1101
DA:73,1101
DA:74,1101
DA:75,1101
DA:76,1101
DA:77,83
DA:78,83
DA:79,83
DA:80,83
DA:81,1101
DA:82,1101
DA:83,184
DA:84,184
DA:85,184
DA:86,1101
DA:87,790
DA:88,790
DA:89,790
DA:90,1101
DA:93,1101
DA:94,83
DA:95,83
DA:96,83
DA:97,83
DA:101,1101
DA:103,83
DA:104,83
DA:105,83
DA:106,83
DA:107,1
DA:108,83
DA:109,82
DA:110,82
DA:111,83
DA:114,1101
DA:115,3
DA:116,3
DA:117,3
DA:119,1101
DA:120,1101
DA:121,1101
DA:122,1101
DA:123,3
DA:124,3
DA:125,0
DA:126,0
DA:127,0
DA:128,0
DA:130,3
DA:131,3
DA:132,3
DA:133,3
DA:135,1098
DA:136,7
DA:137,7
DA:138,7
DA:142,1101
DA:145,44
DA:146,6
DA:147,6
DA:148,6
DA:149,6
DA:151,6
DA:152,6
DA:153,6
DA:154,6
DA:155,44
DA:156,44
DA:157,44
DA:161,1101
DA:162,337
DA:163,337
DA:166,1101
DA:169,1101
DA:170,1101
DA:171,1101
DA:174,22
DA:175,2
DA:176,2
DA:178,21
DA:179,22
LH:113
LF:117
end_of_record
SF:C:\Users\ethan\Documents\GitHub\fart\lib\transpile\tokenize\utils.ts
FN:3,findInLexicon
FN:16,checkIsIdentifier
FN:19,checkIsTextLiteral
FN:25,checkIsInlineComment
FN:28,checkIsMultilineComment
FNDA:1572,findInLexicon
FNDA:190,checkIsIdentifier
FNDA:43,checkIsTextLiteral
FNDA:33,checkIsInlineComment
FNDA:14,checkIsMultilineComment
FNF:5
FNH:5
BRDA:7,1,0,1
BRDA:7,1,1,1571
BRDA:8,1,0,25700
BRDA:9,1,0,2716
BRDA:9,1,1,25652
BRDA:9,1,2,590
BRDA:12,1,0,981
BRDA:12,1,1,591
BRDA:20,3,0,2
BRDA:20,3,1,41
BRDA:21,3,0,3
BRDA:21,3,1,38
BRDA:22,3,0,7
BRDA:22,3,1,31
BRDA:29,5,0,10
BRDA:29,5,1,4
BRF:16
BRH:16
DA:3,7
DA:4,7
DA:5,7
DA:7,1572
DA:8,1572
DA:9,25700
DA:10,590
DA:11,590
DA:12,25700
DA:13,981
DA:14,7
DA:16,7
DA:17,7
DA:19,7
DA:20,43
DA:21,43
DA:22,43
DA:23,7
DA:25,7
DA:26,7
DA:28,7
DA:29,14
DA:30,7
LH:23
LF:23
end_of_record
SF:C:\Users\ethan\Documents\GitHub\fart\lib\transpile\transpile.ts
FN:21,<instance_members_initializer>
FN:27,TranspilationContext
FN:34,nextToken
FN:42,nextMod
FN:82,nextLiteral
FN:122,nextStruct
FN:190,nextTuple
FN:226,transpile
FNDA:7,<instance_members_initializer>
FNDA:7,TranspilationContext
FNDA:26,nextToken
FNDA:0,nextMod
FNDA:3,nextLiteral
FNDA:2,nextStruct
FNDA:1,nextTuple
FNDA:6,transpile
FNF:8
FNH:7
BRDA:35,3,0,1
BRDA:35,3,1,25
BRDA:38,3,0,6
BRDA:38,3,1,25
BRDA:84,5,0,0
BRDA:84,5,1,3
BRDA:87,5,0,0
BRDA:87,5,1,3
BRDA:92,5,0,0
BRDA:92,5,1,3
BRDA:107,5,0,0
BRDA:107,5,1,3
BRDA:112,5,0,0
BRDA:112,5,1,3
BRDA:125,6,0,3
BRDA:127,6,0,1
BRDA:127,6,1,2
BRDA:136,6,0,1
BRDA:136,6,1,2
BRDA:152,6,0,0
BRDA:152,6,1,3
BRDA:162,6,0,1
BRDA:162,6,1,2
BRDA:163,6,0,1
BRDA:163,6,1,2
BRDA:176,6,0,0
BRDA:176,6,1,3
BRDA:193,7,0,4
BRDA:196,7,0,0
BRDA:196,7,1,4
BRDA:198,7,0,1
BRDA:198,7,1,3
BRDA:200,7,0,3
BRDA:200,7,1,1
BRDA:202,7,0,1
BRDA:202,7,1,3
BRDA:204,7,0,2
BRDA:204,7,1,2
BRDA:209,7,0,0
BRDA:209,7,1,4
BRDA:235,8,0,0
BRDA:235,8,1,6
BRDA:242,8,0,5
BRDA:242,8,1,1
BRDA:244,8,0,1
BRDA:244,8,1,4
BRDA:254,8,0,1
BRDA:254,8,1,4
BRDA:264,8,0,1
BRDA:264,8,1,4
BRDA:269,8,0,0
BRDA:269,8,1,1
BRDA:284,8,0,2
BRDA:284,8,1,3
BRDA:298,8,0,5
BRDA:298,8,1,1
BRF:56
BRH:45
DA:1,1
DA:2,1
DA:4,1
DA:5,1
DA:21,1
DA:22,7
DA:23,7
DA:24,7
DA:25,1
DA:27,1
DA:28,7
DA:29,7
DA:30,1
DA:31,7
DA:32,7
DA:34,1
DA:35,26
DA:36,25
DA:37,25
DA:38,26
DA:39,25
DA:40,26
DA:42,0
DA:43,0
DA:44,0
DA:45,0
DA:46,0
DA:47,0
DA:48,0
DA:49,0
DA:51,0
DA:52,0
DA:53,0
DA:54,0
DA:55,0
DA:57,0
DA:58,0
DA:60,0
DA:61,0
DA:62,0
DA:63,0
DA:64,0
DA:65,0
DA:66,0
DA:67,0
DA:82,1
DA:83,3
DA:84,0
DA:86,3
DA:87,0
DA:88,0
DA:89,0
DA:90,0
DA:92,0
DA:93,0
DA:94,0
DA:95,0
DA:97,3
DA:103,3
DA:104,3
DA:105,3
DA:107,0
DA:108,0
DA:109,0
DA:110,0
DA:112,0
DA:113,0
DA:114,0
DA:115,0
DA:116,0
DA:117,3
DA:119,3
DA:120,3
DA:122,1
DA:123,2
DA:125,2
DA:126,3
DA:127,3
DA:130,2
DA:131,2
DA:132,2
DA:133,2
DA:136,3
DA:137,1
DA:138,1
DA:141,1
DA:142,1
DA:143,1
DA:144,1
DA:149,1
DA:151,3
DA:152,0
DA:153,0
DA:154,0
DA:155,0
DA:156,0
DA:158,0
DA:159,0
DA:160,0
DA:162,3
DA:163,3
DA:164,1
DA:165,1
DA:166,1
DA:167,1
DA:168,1
DA:169,1
DA:170,1
DA:171,1
DA:173,1
DA:174,1
DA:176,0
DA:177,0
DA:178,0
DA:180,0
DA:181,3
DA:182,3
DA:184,2
DA:185,2
DA:190,1
DA:191,1
DA:193,1
DA:194,4
DA:196,0
DA:198,4
DA:199,1
DA:200,1
DA:202,4
DA:203,1
DA:204,1
DA:206,2
DA:207,2
DA:208,2
DA:209,0
DA:210,0
DA:211,0
DA:212,4
DA:214,1
DA:215,1
DA:216,1
DA:226,1
DA:227,1
DA:228,1
DA:234,0
DA:235,0
DA:236,0
DA:237,6
DA:240,6
DA:242,6
DA:243,5
DA:244,5
DA:245,1
DA:246,1
DA:247,1
DA:248,1
DA:249,1
DA:251,1
DA:252,1
DA:254,5
DA:255,1
DA:256,1
DA:257,1
DA:258,1
DA:259,1
DA:261,1
DA:262,1
DA:264,5
DA:265,1
DA:266,1
DA:267,1
DA:268,1
DA:269,0
DA:270,1
DA:271,1
DA:272,1
DA:273,1
DA:274,1
DA:275,1
DA:276,1
DA:277,1
DA:278,1
DA:279,1
DA:281,1
DA:282,1
DA:284,5
DA:285,2
DA:286,2
DA:287,2
DA:288,2
DA:289,2
DA:290,2
DA:291,2
DA:292,2
DA:294,2
DA:295,2
DA:296,2
DA:297,5
DA:298,5
DA:301,5
DA:303,6
DA:304,6
LH:140
LF:201
end_of_record
SF:C:\Users\ethan\Documents\GitHub\fart\lib\transpile\utils.ts
FN:6,assertKind
FNDA:14,assertKind
FNF:1
FNH:1
BRDA:10,1,0,0
BRDA:10,1,1,14
BRDA:11,1,0,0
BRDA:11,1,1,14
BRF:4
BRH:2
DA:1,1
DA:6,1
DA:7,1
DA:8,1
DA:10,0
DA:11,0
DA:12,0
DA:13,0
DA:15,0
DA:16,14
DA:17,14
LH:6
LF:11
end_of_record
